<?xml version="1.0" encoding="UTF-8"?>
<!-- Generated by org.testng.reporters.JUnitReportReporter -->
<testsuite hostname="C02VD1L9G8WN" failures="0" tests="1" name="Com.Test.Avinash.Basic" time="0.005" errors="0" timestamp="2021-02-28T21:03:22 GMT" skipped="0">
  <testcase classname="Com.Test.Avinash.Basic" name="aviTest" time="0.005"/>
  <system-out/>
</testsuite> <!-- Com.Test.Avinash.Basic -->
