<?xml version="1.0" encoding="UTF-8"?>
<!-- Generated by org.testng.reporters.JUnitReportReporter -->
<testsuite skipped="0" hostname="C02VD1L9G8WN" name="Com.Test.Avinash.Basic" tests="1" failures="0" timestamp="2021-02-28T18:07:49 GMT" time="0.004" errors="0">
  <testcase name="aviTest" time="0.004" classname="Com.Test.Avinash.Basic"/>
  <system-out/>
</testsuite> <!-- Com.Test.Avinash.Basic -->
