<?xml version="1.0" encoding="UTF-8"?>
<!-- Generated by org.testng.reporters.JUnitReportReporter -->
<testsuite hostname="C02VD1L9G8WN" failures="0" tests="2" name="Com.Test.Avinash.TestRunner" time="31.831" errors="0" timestamp="2021-03-02T00:46:54 GMT" skipped="0">
  <testcase classname="Com.Test.Avinash.TestRunner" name="runScenario" time="10.414"/>
  <system-out/>
  <testcase classname="Com.Test.Avinash.TestRunner" name="runScenario" time="21.417"/>
  <system-out/>
</testsuite> <!-- Com.Test.Avinash.TestRunner -->
